<?xml version="1.0" encoding="UTF-8"?>
<!-- Generated by org.testng.reporters.JUnitXMLReporter -->
<testsuite ignored="0" hostname="PANJI9" failures="0" tests="4" name="Test" time="48.993" errors="0" timestamp="18 Aug 2021 15:23:15 GMT">
  <testcase classname="com.scripts.Test1" name="test" time="0.006"/>
  <testcase classname="com.scripts.Test2" name="test" time="0.001"/>
  <testcase classname="com.scripts.ValidLogin" name="testValidLogin" time="4.927"/>
  <testcase classname="com.scripts.InvalidLogin" name="testInvalidLogin" time="1.638"/>
</testsuite> <!-- Test -->
