<?xml version="1.0" encoding="UTF-8"?>
<testng-results ignored="0" total="1" passed="1" failed="0" skipped="0">
  <reporter-output>
  </reporter-output>
  <suite started-at="2021-08-16T14:23:37Z" name="Default suite" finished-at="2021-08-16T14:23:51Z" duration-ms="14435">
    <groups>
    </groups>
    <test started-at="2021-08-16T14:23:37Z" name="Default test" finished-at="2021-08-16T14:23:51Z" duration-ms="14435">
      <class name="com.day21.Demo1">
        <test-method signature="testBrowser()[pri:0, instance:com.day21.Demo1@68f1b17f]" started-at="2021-08-16T14:23:37Z" name="testBrowser" finished-at="2021-08-16T14:23:51Z" duration-ms="14407" status="PASS">
          <reporter-output>
          </reporter-output>
        </test-method> <!-- testBrowser -->
      </class> <!-- com.day21.Demo1 -->
    </test> <!-- Default test -->
  </suite> <!-- Default suite -->
</testng-results>
